2026-01-30 07:06:34,882 - ransomware_engine - INFO - Logger initialized
2026-01-30 07:06:59,091 - ransomware_engine - INFO - Initializing Decoy System...
2026-01-30 07:06:59,091 - ransomware_engine.decoy.generator - INFO - Generated decoy: test_decoys_full/salary_data.docx with canary fed0ee86-078a-4448-b217-c1a80d8ca1ce
2026-01-30 07:06:59,091 - ransomware_engine - INFO - Deployed decoy: test_decoys_full/salary_data.docx
2026-01-30 07:06:59,091 - ransomware_engine.decoy.generator - INFO - Generated decoy: test_decoys_full/passwords.docx with canary 0b3074b3-6388-46d7-999b-6bec6d856d3d
2026-01-30 07:06:59,092 - ransomware_engine - INFO - Deployed decoy: test_decoys_full/passwords.docx
2026-01-30 07:06:59,092 - ransomware_engine.decoy.generator - INFO - Generated decoy: test_decoys_full/strategic_plan.docx with canary 76189297-14bc-4f07-ab59-cbf6a116c9a3
2026-01-30 07:06:59,092 - ransomware_engine - INFO - Deployed decoy: test_decoys_full/strategic_plan.docx
2026-01-30 07:06:59,092 - ransomware_engine - INFO - Starting FIM on ....
2026-01-30 07:06:59,096 - ransomware_engine.detector.fim - INFO - FIM Monitor started on .
2026-01-30 07:06:59,102 - ransomware_engine.detector.fim - CRITICAL - 🚨 DECOY TOUCHED: /Users/ashwin/Documents/personal/darling/test_decoys_full/salary_data.docx was modified!
2026-01-30 07:06:59,103 - ransomware_engine - CRITICAL - ALERT: DECOY_MODIFIED on /Users/ashwin/Documents/personal/darling/test_decoys_full/salary_data.docx
2026-01-30 07:06:59,103 - ransomware_engine.containment.isolate - CRITICAL - 🚨 CONTAINMENT TRIGGERED: Network Isolation Requested
2026-01-30 07:06:59,103 - ransomware_engine.containment.isolate - WARNING - SAFE MODE ACTIVE: Network isolation skipped. Would have executed 'pfctl -e' or similar.
2026-01-30 07:06:59,103 - ransomware_engine.detector.fim - CRITICAL - 🚨 DECOY TOUCHED: /Users/ashwin/Documents/personal/darling/test_decoys_full/passwords.docx was modified!
2026-01-30 07:06:59,103 - ransomware_engine - CRITICAL - ALERT: DECOY_MODIFIED on /Users/ashwin/Documents/personal/darling/test_decoys_full/passwords.docx
2026-01-30 07:06:59,103 - ransomware_engine.containment.isolate - CRITICAL - 🚨 CONTAINMENT TRIGGERED: Network Isolation Requested
2026-01-30 07:06:59,103 - ransomware_engine.containment.isolate - WARNING - SAFE MODE ACTIVE: Network isolation skipped. Would have executed 'pfctl -e' or similar.
2026-01-30 07:06:59,103 - ransomware_engine.detector.fim - CRITICAL - 🚨 DECOY TOUCHED: /Users/ashwin/Documents/personal/darling/test_decoys_full/strategic_plan.docx was modified!
2026-01-30 07:06:59,103 - ransomware_engine - CRITICAL - ALERT: DECOY_MODIFIED on /Users/ashwin/Documents/personal/darling/test_decoys_full/strategic_plan.docx
2026-01-30 07:06:59,103 - ransomware_engine.containment.isolate - CRITICAL - 🚨 CONTAINMENT TRIGGERED: Network Isolation Requested
2026-01-30 07:06:59,103 - ransomware_engine.containment.isolate - WARNING - SAFE MODE ACTIVE: Network isolation skipped. Would have executed 'pfctl -e' or similar.
2026-01-30 07:07:16,476 - ransomware_engine - INFO - Stopping engine...
2026-01-30 07:07:16,477 - ransomware_engine.detector.fim - INFO - FIM Monitor stopped
2026-02-02 23:05:27,478 - ransomware_engine - INFO - Initializing Decoy System...
2026-02-02 23:05:27,479 - ransomware_engine.decoy.generator - INFO - Generated decoy: decoys/salary_data.docx with canary 55d243a6-7aa8-49dc-ba3c-40a076096349
2026-02-02 23:05:27,479 - ransomware_engine - INFO - Deployed decoy: decoys/salary_data.docx
2026-02-02 23:05:27,479 - ransomware_engine.decoy.generator - INFO - Generated decoy: decoys/passwords.docx with canary 8e4bde5e-14e7-4142-9057-1372dfa2df0b
2026-02-02 23:05:27,479 - ransomware_engine - INFO - Deployed decoy: decoys/passwords.docx
2026-02-02 23:05:27,479 - ransomware_engine.decoy.generator - INFO - Generated decoy: decoys/strategic_plan.docx with canary a10f8f72-cf45-43f8-85e5-1b4948eacfd1
2026-02-02 23:05:27,479 - ransomware_engine - INFO - Deployed decoy: decoys/strategic_plan.docx
2026-02-02 23:05:27,479 - ransomware_engine - INFO - Starting FIM on ....
2026-02-02 23:05:27,481 - ransomware_engine.detector.fim - INFO - FIM Monitor started on .
2026-02-02 23:05:27,491 - ransomware_engine.detector.fim - CRITICAL - 🚨 DECOY TOUCHED: /Users/ashwin/Documents/personal/ransomwar_engine/decoys/salary_data.docx was modified!
2026-02-02 23:05:27,491 - ransomware_engine - CRITICAL - ALERT: DECOY_MODIFIED on /Users/ashwin/Documents/personal/ransomwar_engine/decoys/salary_data.docx
2026-02-02 23:05:27,491 - ransomware_engine.containment.isolate - CRITICAL - 🚨 CONTAINMENT TRIGGERED: Network Isolation Requested
2026-02-02 23:05:27,492 - ransomware_engine.containment.isolate - WARNING - SAFE MODE ACTIVE: Network isolation skipped. Would have executed 'pfctl -e' or similar.
2026-02-02 23:05:27,492 - ransomware_engine.detector.fim - CRITICAL - 🚨 DECOY TOUCHED: /Users/ashwin/Documents/personal/ransomwar_engine/decoys/passwords.docx was modified!
2026-02-02 23:05:27,492 - ransomware_engine - CRITICAL - ALERT: DECOY_MODIFIED on /Users/ashwin/Documents/personal/ransomwar_engine/decoys/passwords.docx
2026-02-02 23:05:27,492 - ransomware_engine.containment.isolate - CRITICAL - 🚨 CONTAINMENT TRIGGERED: Network Isolation Requested
2026-02-02 23:05:27,492 - ransomware_engine.containment.isolate - WARNING - SAFE MODE ACTIVE: Network isolation skipped. Would have executed 'pfctl -e' or similar.
2026-02-02 23:05:27,492 - ransomware_engine.detector.fim - CRITICAL - 🚨 DECOY TOUCHED: /Users/ashwin/Documents/personal/ransomwar_engine/decoys/strategic_plan.docx was modified!
2026-02-02 23:05:27,492 - ransomware_engine - CRITICAL - ALERT: DECOY_MODIFIED on /Users/ashwin/Documents/personal/ransomwar_engine/decoys/strategic_plan.docx
2026-02-02 23:05:27,492 - ransomware_engine.containment.isolate - CRITICAL - 🚨 CONTAINMENT TRIGGERED: Network Isolation Requested
2026-02-02 23:05:27,492 - ransomware_engine.containment.isolate - WARNING - SAFE MODE ACTIVE: Network isolation skipped. Would have executed 'pfctl -e' or similar.
2026-02-02 23:05:36,904 - ransomware_engine - INFO - Stopping engine...
2026-02-02 23:05:36,905 - ransomware_engine.detector.fim - INFO - FIM Monitor stopped
2026-02-02 23:32:02,500 - ransomware_engine - INFO - Initializing Decoy System...
2026-02-02 23:32:02,500 - ransomware_engine.decoy.generator - INFO - Generated decoy: my_decoys/salary_data.docx with canary 8b3bdbc3-5f4f-4f8d-a01a-c20c5103f05a
2026-02-02 23:32:02,500 - ransomware_engine - INFO - Deployed decoy: my_decoys/salary_data.docx
2026-02-02 23:32:02,501 - ransomware_engine.decoy.generator - INFO - Generated decoy: my_decoys/passwords.docx with canary db0baf44-bcd5-46d4-86d7-68c0955d8eba
2026-02-02 23:32:02,501 - ransomware_engine - INFO - Deployed decoy: my_decoys/passwords.docx
2026-02-02 23:32:02,501 - ransomware_engine.decoy.generator - INFO - Generated decoy: my_decoys/strategic_plan.docx with canary d6c225f7-363a-4b72-a55b-e447d8d6d046
2026-02-02 23:32:02,501 - ransomware_engine - INFO - Deployed decoy: my_decoys/strategic_plan.docx
2026-02-02 23:32:02,501 - ransomware_engine - INFO - Starting FIM on ....
2026-02-02 23:32:02,502 - ransomware_engine.detector.fim - INFO - FIM Monitor started on .
2026-02-02 23:32:02,512 - ransomware_engine.detector.fim - CRITICAL - 🚨 DECOY TOUCHED: /Users/ashwin/Documents/personal/ransomwar_engine/my_decoys/salary_data.docx was modified!
2026-02-02 23:32:02,512 - ransomware_engine - CRITICAL - ALERT: DECOY_MODIFIED on /Users/ashwin/Documents/personal/ransomwar_engine/my_decoys/salary_data.docx
2026-02-02 23:32:02,512 - ransomware_engine.containment.isolate - CRITICAL - 🚨 CONTAINMENT TRIGGERED: Network Isolation Requested
2026-02-02 23:32:02,512 - ransomware_engine.containment.isolate - WARNING - SAFE MODE ACTIVE: Network isolation skipped. Would have executed 'pfctl -e' or similar.
2026-02-02 23:32:02,512 - ransomware_engine.detector.fim - CRITICAL - 🚨 DECOY TOUCHED: /Users/ashwin/Documents/personal/ransomwar_engine/my_decoys/passwords.docx was modified!
2026-02-02 23:32:02,512 - ransomware_engine - CRITICAL - ALERT: DECOY_MODIFIED on /Users/ashwin/Documents/personal/ransomwar_engine/my_decoys/passwords.docx
2026-02-02 23:32:02,513 - ransomware_engine.containment.isolate - CRITICAL - 🚨 CONTAINMENT TRIGGERED: Network Isolation Requested
2026-02-02 23:32:02,513 - ransomware_engine.containment.isolate - WARNING - SAFE MODE ACTIVE: Network isolation skipped. Would have executed 'pfctl -e' or similar.
2026-02-02 23:32:02,513 - ransomware_engine.detector.fim - CRITICAL - 🚨 DECOY TOUCHED: /Users/ashwin/Documents/personal/ransomwar_engine/my_decoys/strategic_plan.docx was modified!
2026-02-02 23:32:02,513 - ransomware_engine - CRITICAL - ALERT: DECOY_MODIFIED on /Users/ashwin/Documents/personal/ransomwar_engine/my_decoys/strategic_plan.docx
2026-02-02 23:32:02,513 - ransomware_engine.containment.isolate - CRITICAL - 🚨 CONTAINMENT TRIGGERED: Network Isolation Requested
2026-02-02 23:32:02,514 - ransomware_engine.containment.isolate - WARNING - SAFE MODE ACTIVE: Network isolation skipped. Would have executed 'pfctl -e' or similar.
2026-02-02 23:33:54,432 - ransomware_engine - INFO - Initializing Decoy System...
2026-02-02 23:33:54,433 - ransomware_engine.decoy.generator - INFO - Decoy my_decoys/salary_data.docx already exists. Skipping generation.
2026-02-02 23:33:54,433 - ransomware_engine - INFO - Deployed decoy: my_decoys/salary_data.docx
2026-02-02 23:33:54,433 - ransomware_engine.decoy.generator - INFO - Decoy my_decoys/passwords.docx already exists. Skipping generation.
2026-02-02 23:33:54,433 - ransomware_engine - INFO - Deployed decoy: my_decoys/passwords.docx
2026-02-02 23:33:54,433 - ransomware_engine.decoy.generator - INFO - Decoy my_decoys/strategic_plan.docx already exists. Skipping generation.
2026-02-02 23:33:54,433 - ransomware_engine - INFO - Deployed decoy: my_decoys/strategic_plan.docx
2026-02-02 23:33:54,433 - ransomware_engine - INFO - Starting FIM on ....
2026-02-02 23:33:54,435 - ransomware_engine.detector.fim - INFO - FIM Monitor started on .
2026-02-02 23:34:08,998 - ransomware_engine - INFO - Stopping engine...
2026-02-02 23:34:09,005 - ransomware_engine.detector.fim - INFO - FIM Monitor stopped
2026-02-02 23:34:19,841 - ransomware_engine - INFO - Initializing Decoy System...
2026-02-02 23:34:19,841 - ransomware_engine.decoy.generator - INFO - Decoy my_decoys/salary_data.docx already exists. Skipping generation.
2026-02-02 23:34:19,841 - ransomware_engine - INFO - Deployed decoy: my_decoys/salary_data.docx
2026-02-02 23:34:19,841 - ransomware_engine.decoy.generator - INFO - Decoy my_decoys/passwords.docx already exists. Skipping generation.
2026-02-02 23:34:19,842 - ransomware_engine - INFO - Deployed decoy: my_decoys/passwords.docx
2026-02-02 23:34:19,842 - ransomware_engine.decoy.generator - INFO - Decoy my_decoys/strategic_plan.docx already exists. Skipping generation.
2026-02-02 23:34:19,842 - ransomware_engine - INFO - Deployed decoy: my_decoys/strategic_plan.docx
2026-02-02 23:34:19,842 - ransomware_engine - INFO - Starting FIM on ....
2026-02-02 23:34:19,843 - ransomware_engine.detector.fim - INFO - FIM Monitor started on .
2026-02-02 23:34:36,516 - ransomware_engine.detector.fim - CRITICAL - 🚨 DECOY TOUCHED: /Users/ashwin/Documents/personal/ransomwar_engine/my_decoys/passwords.docx was modified!
2026-02-02 23:34:36,517 - ransomware_engine - CRITICAL - ALERT: DECOY_MODIFIED on /Users/ashwin/Documents/personal/ransomwar_engine/my_decoys/passwords.docx
2026-02-02 23:34:36,519 - ransomware_engine.containment.isolate - CRITICAL - 🚨 CONTAINMENT TRIGGERED: Network Isolation Requested
2026-02-02 23:34:36,519 - ransomware_engine.containment.isolate - WARNING - SAFE MODE ACTIVE: Network isolation skipped. Would have executed 'pfctl -e' or similar.
2026-02-02 23:34:36,518 - ransomware_engine.detector.fim - CRITICAL - 🚨 DECOY TOUCHED: /Users/ashwin/Documents/personal/ransomwar_engine/my_decoys/passwords.docx was modified!
2026-02-02 23:34:36,519 - ransomware_engine - CRITICAL - ALERT: DECOY_MODIFIED on /Users/ashwin/Documents/personal/ransomwar_engine/my_decoys/passwords.docx
2026-02-02 23:34:36,519 - ransomware_engine.containment.isolate - CRITICAL - 🚨 CONTAINMENT TRIGGERED: Network Isolation Requested
2026-02-02 23:34:36,519 - ransomware_engine.containment.isolate - WARNING - SAFE MODE ACTIVE: Network isolation skipped. Would have executed 'pfctl -e' or similar.
2026-02-02 23:35:29,175 - ransomware_engine - INFO - Stopping engine...
2026-02-02 23:35:29,183 - ransomware_engine.detector.fim - INFO - FIM Monitor stopped
